<?xml version="1.0" encoding="utf-8"?><testsuites name="pytest tests"><testsuite name="pytest" errors="0" failures="0" skipped="0" tests="25" time="4.918" timestamp="2026-08-28T13:45:57.483858+00:00" hostname="agent-env-de71d014-8467-46e4-9156-288e73993eb8"><testcase classname="tests.test_iter3_campaigns.TestRBAC" name="test_cliente_cannot_create_coupon" time="0.793" /><testcase classname="tests.test_iter3_campaigns.TestRBAC" name="test_cliente_cannot_boost" time="0.092" /><testcase classname="tests.test_iter3_campaigns.TestCoupons" name="test_create_coupon" time="0.883" /><testcase classname="tests.test_iter3_campaigns.TestCoupons" name="test_duplicate_code_returns_400" time="0.158" /><testcase classname="tests.test_iter3_campaigns.TestRBAC" name="test_cliente_cannot_subscribe" time="0.073" /><testcase classname="tests.test_iter3_campaigns.TestCoupons" name="test_list_my_coupons" time="0.248" /><testcase classname="tests.test_iter3_campaigns.TestCoupons" name="test_validate_coupon_ok" time="0.089" /><testcase classname="tests.test_iter3_campaigns.TestRBAC" name="test_admin_cannot_create_coupon" time="0.447" /><testcase classname="tests.test_iter3_campaigns.TestCoupons" name="test_validate_coupon_not_found" time="0.100" /><testcase classname="tests.test_iter3_campaigns.TestRBAC" name="test_admin_cannot_subscribe" time="0.094" /><testcase classname="tests.test_iter3_campaigns.TestCoupons" name="test_validate_coupon_expired" time="0.524" /><testcase classname="tests.test_iter3_campaigns.TestRBAC" name="test_non_admin_cannot_feature" time="0.475" /><testcase classname="tests.test_iter3_campaigns.TestGeolocation" name="test_list_with_client_coords_returns_distance_km" time="0.096" /><testcase classname="tests.test_iter3_campaigns.TestCoupons" name="test_validate_coupon_exhausted" time="0.338" /><testcase classname="tests.test_iter3_campaigns.TestGeolocation" name="test_list_without_coords_distance_null" time="0.093" /><testcase classname="tests.test_iter3_campaigns.TestGeolocation" name="test_flags_is_boosted_is_featured_present" time="0.105" /><testcase classname="tests.test_iter3_campaigns.TestSubscription" name="test_plans_endpoint" time="0.121" /><testcase classname="tests.test_iter3_campaigns.TestCoupons" name="test_delete_coupon" time="0.094" /><testcase classname="tests.test_iter3_campaigns.TestSubscription" name="test_subscription_checkout_pro" time="1.240" /><testcase classname="tests.test_iter3_campaigns.TestBoost" name="test_boost_checkout_7d" time="1.183" /><testcase classname="tests.test_iter3_campaigns.TestBoost" name="test_boost_checkout_30d" time="0.441" /><testcase classname="tests.test_iter3_campaigns.TestSubscription" name="test_subscription_invalid_plan" time="0.428" /><testcase classname="tests.test_iter3_campaigns.TestBoost" name="test_boost_invalid_plan" time="0.089" /><testcase classname="tests.test_iter3_campaigns.TestFeatured" name="test_admin_feature_sets_until" time="0.191" /><testcase classname="tests.test_iter3_campaigns.TestFeatured" name="test_admin_unfeature_clears" time="0.168" /></testsuite></testsuites>