<?xml version="1.0" encoding="utf-8"?><testsuites name="pytest tests"><testsuite name="pytest" errors="0" failures="0" skipped="0" tests="18" time="4.745" timestamp="2026-08-28T13:32:13.432675+00:00" hostname="agent-env-de71d014-8467-46e4-9156-288e73993eb8"><testcase classname="tests.test_new_features.TestProfessionalsListing" name="test_list_has_rating_fields" time="0.522" /><testcase classname="tests.test_new_features.TestProfessionalsListing" name="test_city_filter_case_insensitive_prefix" time="0.115" /><testcase classname="tests.test_new_features.TestProfessionalsListing" name="test_city_filter_no_match" time="0.088" /><testcase classname="tests.test_new_features.TestPackages" name="test_create_package_regular_price_computed" time="1.066" /><testcase classname="tests.test_new_features.TestProfessionalsListing" name="test_q_name_search" time="0.425" /><testcase classname="tests.test_new_features.TestPackages" name="test_list_my_packages" time="0.163" /><testcase classname="tests.test_new_features.TestPackages" name="test_package_checkout_returns_stripe_url" time="1.180" /><testcase classname="tests.test_new_features.TestReviews" name="test_review_on_unconfirmed_returns_400" time="1.459" /><testcase classname="tests.test_new_features.TestPackages" name="test_my_active_packages_empty_before_payment" time="0.107" /><testcase classname="tests.test_new_features.TestPackages" name="test_delete_package" time="0.082" /><testcase classname="tests.test_new_features.TestLocationFields" name="test_register_stores_city_state" time="0.081" /><testcase classname="tests.test_new_features.TestLocationFields" name="test_patch_professionals_me_updates_location" time="0.229" /><testcase classname="tests.test_new_features.TestNotifications" name="test_notify_persists_to_db_via_direct_call" time="0.151" /><testcase classname="tests.test_new_features.TestNotifications" name="test_notifications_requires_auth" time="0.123" /><testcase classname="tests.test_new_features.TestPortfolio" name="test_add_get_delete_portfolio" time="0.415" /><testcase classname="tests.test_new_features.TestReviews" name="test_review_confirmed_ok_then_duplicate_400" time="1.255" /><testcase classname="tests.test_new_features.TestReviews" name="test_list_reviews_by_professional" time="0.215" /><testcase classname="tests.test_new_features.TestReviews" name="test_professional_detail_includes_reviews_and_rating" time="0.087" /></testsuite></testsuites>