<?xml version="1.0" encoding="utf-8"?><testsuites name="pytest tests"><testsuite name="pytest" errors="0" failures="1" skipped="0" tests="19" time="3.162" timestamp="2026-09-01T14:26:58.014047+00:00" hostname="agent-env-de71d014-8467-46e4-9156-288e73993eb8"><testcase classname="tests.test_iter4_cors_bearer.TestAuthBearer" name="test_login_returns_token_no_cookie" time="0.786" /><testcase classname="tests.test_iter4_cors_bearer.TestProtectedEndpointsBearer" name="test_admin_stats" time="0.790" /><testcase classname="tests.test_iter4_cors_bearer.TestProtectedEndpointsBearer" name="test_admin_users" time="0.361" /><testcase classname="tests.test_iter4_cors_bearer.TestAuthBearer" name="test_me_with_bearer_header" time="0.465" /><testcase classname="tests.test_iter4_cors_bearer.TestProtectedEndpointsBearer" name="test_admin_bookings" time="0.127" /><testcase classname="tests.test_iter4_cors_bearer.TestAuthBearer" name="test_me_no_auth_returns_401" time="0.110" /><testcase classname="tests.test_iter4_cors_bearer.TestProtectedEndpointsBearer" name="test_admin_stats_no_auth_forbidden" time="0.158" /><testcase classname="tests.test_iter4_cors_bearer.TestAuthBearer" name="test_me_bad_token_returns_401" time="0.100" /><testcase classname="tests.test_iter4_cors_bearer.TestProtectedEndpointsBearer" name="test_bookings_mine_via_bearer" time="0.095" /><testcase classname="tests.test_iter4_cors_bearer.TestAuthBearer" name="test_invalid_login" time="0.357" /><testcase classname="tests.test_iter4_cors_bearer.TestProtectedEndpointsBearer" name="test_notifications_mine_via_bearer" time="0.249" /><testcase classname="tests.test_iter4_cors_bearer.TestCORS" name="test_preflight_options_from_any_origin" time="0.055" /><testcase classname="tests.test_iter4_cors_bearer.TestPublicEndpoints" name="test_root" time="0.090" /><testcase classname="tests.test_iter4_cors_bearer.TestCORS" name="test_get_with_origin" time="0.151" /><testcase classname="tests.test_iter4_cors_bearer.TestPublicEndpoints" name="test_list_professionals" time="0.094" /><testcase classname="tests.test_iter4_cors_bearer.TestRegisterAndRoles" name="test_register_new_client_gets_token_no_cookie" time="0.307"><failure message="AssertionError: assert 'test_iter4_e...c@example.com' == 'TEST_iter4_e...c@example.com'&#10;  &#10;  - TEST_iter4_ee054b7c@example.com&#10;  ? ^^^^&#10;  + test_iter4_ee054b7c@example.com&#10;  ? ^^^^">backend/tests/test_iter4_cors_bearer.py:199: in test_register_new_client_gets_token_no_cookie
    assert data["user"]["email"] == email
E   AssertionError: assert 'test_iter4_e...c@example.com' == 'TEST_iter4_e...c@example.com'
E     
E     - TEST_iter4_ee054b7c@example.com
E     ? ^^^^
E     + test_iter4_ee054b7c@example.com
E     ? ^^^^</failure></testcase><testcase classname="tests.test_iter4_cors_bearer.TestPublicEndpoints" name="test_list_professionals_with_geo_sorted_by_distance" time="0.294" /><testcase classname="tests.test_iter4_cors_bearer.TestPublicEndpoints" name="test_list_professionals_filter_category" time="0.079" /><testcase classname="tests.test_iter4_cors_bearer.TestPublicEndpoints" name="test_subscription_plans" time="0.103" /></testsuite></testsuites>